DBCONN is now set
setting cookie
Server is listening at http://:::8081
Started https on 3000!
Webserver Started
rendering Index
rendering Code-Index
rendering Code-Index
DBCONN is now set
setting cookie
Server is listening at http://:::8081
Started https on 3000!
Webserver Started
rendering Index
DBCONN is now set
setting cookie
Server is listening at http://:::8081
Started https on 3000!
Webserver Started
rendering Index
rendering Code-Index
rendering Code-Index
DBCONN is now set
setting cookie
Server is listening at http://:::8081
Started https on 3000!
Webserver Started
rendering Index
rendering CreateUser
2ymulbq4i5smohjhqb6dt1o7p3z5fiz
getsalt
